<?xml version="1.0" encoding="UTF-8"?>
<testng-results ignored="0" total="1" passed="1" failed="0" skipped="0">
  <reporter-output>
  </reporter-output>
  <suite started-at="2024-12-25T19:42:02 IST" name="Default suite" finished-at="2024-12-25T19:42:21 IST" duration-ms="18911">
    <groups>
    </groups>
    <test started-at="2024-12-25T19:42:02 IST" name="Default test" finished-at="2024-12-25T19:42:21 IST" duration-ms="18911">
      <class name="StanAloneTest">
        <test-method is-config="true" signature="launchApplication()[pri:0, instance:StanAloneTest@5ba3f27a]" started-at="2024-12-25T19:42:02 IST" name="launchApplication" finished-at="2024-12-25T19:42:07 IST" duration-ms="4487" status="PASS">
          <reporter-output>
          </reporter-output>
        </test-method> <!-- launchApplication -->
        <test-method signature="SubmitOrder()[pri:0, instance:StanAloneTest@5ba3f27a]" started-at="2024-12-25T19:42:07 IST" name="SubmitOrder" finished-at="2024-12-25T19:42:21 IST" duration-ms="14192" status="PASS">
          <reporter-output>
          </reporter-output>
        </test-method> <!-- SubmitOrder -->
        <test-method is-config="true" signature="CloseDriver()[pri:0, instance:StanAloneTest@5ba3f27a]" started-at="2024-12-25T19:42:21 IST" name="CloseDriver" finished-at="2024-12-25T19:42:21 IST" duration-ms="180" status="PASS">
          <reporter-output>
          </reporter-output>
        </test-method> <!-- CloseDriver -->
      </class> <!-- StanAloneTest -->
    </test> <!-- Default test -->
  </suite> <!-- Default suite -->
</testng-results>
